[2025-10-07 08:58:10] Snapshot saved: ./data\snapshot_1759798689.parquet (4194 items)
[2025-10-07 08:58:17] Features computed: ./data\features\features_1759798689.parquet (4194 rows)
[2025-10-07 08:58:17] Aggregated 6 → ./data\features\latest_train.parquet (20970 rows)
[2025-10-07 09:00:58] Snapshot saved: ./data\snapshot_1759798855.parquet (4194 items)
[2025-10-07 09:01:05] Features computed: ./data\features\features_1759798855.parquet (4194 rows)
[2025-10-07 09:01:05] Aggregated 7 → ./data\features\latest_train.parquet (25164 rows)
[2025-10-07 09:05:57] Snapshot saved: ./data\snapshot_1759799155.parquet (4194 items)
[2025-10-07 09:06:04] Features computed: ./data\features\features_1759799155.parquet (4194 rows)
[2025-10-07 09:06:04] Aggregated 8 → ./data\features\latest_train.parquet (29358 rows)
[2025-10-07 09:10:57] Snapshot saved: ./data\snapshot_1759799455.parquet (4194 items)
[2025-10-07 09:11:04] Features computed: ./data\features\features_1759799455.parquet (4194 rows)
[2025-10-07 09:11:04] Aggregated 9 → ./data\features\latest_train.parquet (33552 rows)
[2025-10-07 09:15:59] Snapshot saved: ./data\snapshot_1759799756.parquet (4194 items)
[2025-10-07 09:15:59] Snapshot saved: ./data\snapshot_1759799757.parquet (4194 items)
[2025-10-07 09:16:26] Features computed: ./data\features\features_1759799756.parquet (4194 rows)
[2025-10-07 09:16:26] Aggregated 10 → ./data\features\latest_train.parquet (37746 rows)
[2025-10-07 09:16:26] Features computed: ./data\features\features_1759799757.parquet (4194 rows)
[2025-10-07 09:16:27] Aggregated 11 → ./data\features\latest_train.parquet (41940 rows)
[2025-10-07 09:20:57] Snapshot saved: ./data\snapshot_1759800056.parquet (4194 items)
[2025-10-07 09:21:25] Features computed: ./data\features\features_1759800056.parquet (4194 rows)
[2025-10-07 09:21:25] Aggregated 12 → ./data\features\latest_train.parquet (46134 rows)
[2025-10-07 09:25:57] Snapshot saved: ./data\snapshot_1759800355.parquet (4194 items)
[2025-10-07 09:26:27] Features computed: ./data\features\features_1759800355.parquet (4194 rows)
[2025-10-07 09:26:27] Aggregated 14 → ./data\features\latest_train.parquet (50328 rows)
[2025-10-07 09:30:57] Snapshot saved: ./data\snapshot_1759800655.parquet (4194 items)
[2025-10-07 09:31:24] Features computed: ./data\features\features_1759800655.parquet (4194 rows)
[2025-10-07 09:31:25] Aggregated 15 → ./data\features\latest_train.parquet (54522 rows)
[2025-10-07 09:35:57] Snapshot saved: ./data\snapshot_1759800956.parquet (4194 items)
[2025-10-07 09:36:31] Features computed: ./data\features\features_1759800956.parquet (4194 rows)
[2025-10-07 09:36:31] Aggregated 16 → ./data\features\latest_train.parquet (58716 rows)
[2025-10-07 09:40:57] Snapshot saved: ./data\snapshot_1759801255.parquet (4194 items)
[2025-10-07 09:41:25] Features computed: ./data\features\features_1759801255.parquet (4194 rows)
[2025-10-07 09:41:25] Aggregated 17 → ./data\features\latest_train.parquet (62910 rows)
[2025-10-07 09:45:59] Snapshot saved: ./data\snapshot_1759801556.parquet (4194 items)
[2025-10-07 09:46:26] Features computed: ./data\features\features_1759801556.parquet (4194 rows)
[2025-10-07 09:46:26] Aggregated 18 → ./data\features\latest_train.parquet (67104 rows)
[2025-10-07 09:50:58] Snapshot saved: ./data\snapshot_1759801855.parquet (4194 items)
[2025-10-07 09:51:26] Features computed: ./data\features\features_1759801855.parquet (4194 rows)
[2025-10-07 09:51:26] Aggregated 19 → ./data\features\latest_train.parquet (71298 rows)
[2025-10-07 09:55:57] Snapshot saved: ./data\snapshot_1759802155.parquet (4194 items)
[2025-10-07 09:56:25] Features computed: ./data\features\features_1759802155.parquet (4194 rows)
[2025-10-07 09:56:25] Aggregated 20 → ./data\features\latest_train.parquet (75492 rows)
[2025-10-07 10:00:58] Snapshot saved: ./data\snapshot_1759802456.parquet (4194 items)
[2025-10-07 10:01:26] Features computed: ./data\features\features_1759802456.parquet (4194 rows)
[2025-10-07 10:01:27] Aggregated 21 → ./data\features\latest_train.parquet (79686 rows)
[2025-10-07 10:05:57] Snapshot saved: ./data\snapshot_1759802756.parquet (4194 items)
[2025-10-07 10:06:25] Features computed: ./data\features\features_1759802756.parquet (4194 rows)
[2025-10-07 10:06:26] Aggregated 22 → ./data\features\latest_train.parquet (83880 rows)
[2025-10-07 10:10:57] Snapshot saved: ./data\snapshot_1759803055.parquet (4194 items)
[2025-10-07 10:11:24] Features computed: ./data\features\features_1759803055.parquet (4194 rows)
[2025-10-07 10:11:24] Aggregated 23 → ./data\features\latest_train.parquet (88074 rows)
[2025-10-07 10:15:57] Snapshot saved: ./data\snapshot_1759803355.parquet (4194 items)
[2025-10-07 10:16:24] Features computed: ./data\features\features_1759803355.parquet (4194 rows)
[2025-10-07 10:16:24] Aggregated 24 → ./data\features\latest_train.parquet (92268 rows)
[2025-10-07 10:20:57] Snapshot saved: ./data\snapshot_1759803655.parquet (4194 items)
[2025-10-07 10:21:25] Features computed: ./data\features\features_1759803655.parquet (4194 rows)
[2025-10-07 10:21:25] Aggregated 25 → ./data\features\latest_train.parquet (96462 rows)
[2025-10-07 10:25:57] Snapshot saved: ./data\snapshot_1759803955.parquet (4194 items)
[2025-10-07 10:26:25] Features computed: ./data\features\features_1759803955.parquet (4194 rows)
[2025-10-07 10:26:25] Aggregated 26 → ./data\features\latest_train.parquet (100656 rows)
[2025-10-07 10:30:57] Snapshot saved: ./data\snapshot_1759804255.parquet (4194 items)
[2025-10-07 10:31:25] Features computed: ./data\features\features_1759804255.parquet (4194 rows)
[2025-10-07 10:31:25] Aggregated 27 → ./data\features\latest_train.parquet (104850 rows)
[2025-10-07 10:35:57] Snapshot saved: ./data\snapshot_1759804555.parquet (4194 items)
[2025-10-07 10:36:24] Features computed: ./data\features\features_1759804555.parquet (4194 rows)
[2025-10-07 10:36:25] Aggregated 28 → ./data\features\latest_train.parquet (109044 rows)
[2025-10-07 10:40:57] Snapshot saved: ./data\snapshot_1759804856.parquet (4194 items)
[2025-10-07 10:41:25] Features computed: ./data\features\features_1759804856.parquet (4194 rows)
[2025-10-07 10:41:25] Aggregated 29 → ./data\features\latest_train.parquet (113238 rows)
[2025-10-07 10:45:57] Snapshot saved: ./data\snapshot_1759805155.parquet (4194 items)
[2025-10-07 10:46:24] Features computed: ./data\features\features_1759805155.parquet (4194 rows)
[2025-10-07 10:46:24] Aggregated 30 → ./data\features\latest_train.parquet (117432 rows)
[2025-10-07 10:50:57] Snapshot saved: ./data\snapshot_1759805456.parquet (4194 items)
[2025-10-07 10:51:26] Features computed: ./data\features\features_1759805456.parquet (4194 rows)
[2025-10-07 10:51:26] Aggregated 31 → ./data\features\latest_train.parquet (121626 rows)
[2025-10-07 10:55:57] Snapshot saved: ./data\snapshot_1759805755.parquet (4194 items)
[2025-10-07 10:56:24] Features computed: ./data\features\features_1759805755.parquet (4194 rows)
[2025-10-07 10:56:24] Aggregated 32 → ./data\features\latest_train.parquet (125820 rows)
[2025-10-07 11:00:57] Snapshot saved: ./data\snapshot_1759806055.parquet (4194 items)
[2025-10-07 11:01:25] Features computed: ./data\features\features_1759806055.parquet (4194 rows)
[2025-10-07 11:01:26] Aggregated 33 → ./data\features\latest_train.parquet (130014 rows)
[2025-10-07 11:05:57] Snapshot saved: ./data\snapshot_1759806356.parquet (4194 items)
[2025-10-07 11:06:34] Features computed: ./data\features\features_1759806356.parquet (4194 rows)
[2025-10-07 11:06:34] Aggregated 34 → ./data\features\latest_train.parquet (134208 rows)
[2025-10-07 11:10:58] Snapshot saved: ./data\snapshot_1759806656.parquet (4194 items)
[2025-10-07 11:11:25] Features computed: ./data\features\features_1759806656.parquet (4194 rows)
[2025-10-07 11:11:25] Aggregated 35 → ./data\features\latest_train.parquet (138402 rows)
[2025-10-07 11:15:57] Snapshot saved: ./data\snapshot_1759806955.parquet (4194 items)
[2025-10-07 11:16:25] Features computed: ./data\features\features_1759806955.parquet (4194 rows)
[2025-10-07 11:16:25] Aggregated 36 → ./data\features\latest_train.parquet (142596 rows)
[2025-10-07 03:20:56] Features computed: ./data/features/features_1759807202.parquet (4194 rows)
[2025-10-07 03:20:57] Aggregated 51 → ./data/features/latest_train.parquet (205506 rows)
[2025-10-07 03:25:03] Snapshot saved: ./data/snapshot_1759807502.parquet (4194 items)
[2025-10-07 03:26:41] Features computed: ./data/features/features_1759807502.parquet (4194 rows)
[2025-10-07 03:26:43] Aggregated 52 → ./data/features/latest_train.parquet (209700 rows)
[2025-10-07 03:30:03] Snapshot saved: ./data/snapshot_1759807802.parquet (4194 items)
[2025-10-07 03:31:14] Features computed: ./data/features/features_1759807802.parquet (4194 rows)
[2025-10-07 03:31:16] Aggregated 53 → ./data/features/latest_train.parquet (213894 rows)
[2025-10-07 03:35:03] Snapshot saved: ./data/snapshot_1759808102.parquet (4194 items)
[2025-10-07 03:35:48] Features computed: ./data/features/features_1759808102.parquet (4194 rows)
[2025-10-07 03:35:50] Aggregated 54 → ./data/features/latest_train.parquet (218088 rows)
[2025-10-07 03:40:02] Snapshot saved: ./data/snapshot_1759808401.parquet (4194 items)
[2025-10-07 03:40:51] Features computed: ./data/features/features_1759808401.parquet (4194 rows)
[2025-10-07 03:40:52] Aggregated 55 → ./data/features/latest_train.parquet (222282 rows)
[2025-10-07 03:45:02] Snapshot saved: ./data/snapshot_1759808701.parquet (4194 items)
[2025-10-07 03:45:49] Features computed: ./data/features/features_1759808701.parquet (4194 rows)
[2025-10-07 03:45:50] Aggregated 56 → ./data/features/latest_train.parquet (226476 rows)
[2025-10-07 03:50:03] Snapshot saved: ./data/snapshot_1759809002.parquet (4194 items)
[2025-10-07 03:50:51] Features computed: ./data/features/features_1759809002.parquet (4194 rows)
[2025-10-07 03:50:52] Aggregated 57 → ./data/features/latest_train.parquet (230670 rows)
[2025-10-07 03:55:02] Snapshot saved: ./data/snapshot_1759809301.parquet (4194 items)
[2025-10-07 03:55:53] Features computed: ./data/features/features_1759809301.parquet (4194 rows)
[2025-10-07 03:55:54] Aggregated 58 → ./data/features/latest_train.parquet (234864 rows)
[2025-10-07 04:00:03] Snapshot saved: ./data/snapshot_1759809602.parquet (4194 items)
[2025-10-07 04:00:57] Features computed: ./data/features/features_1759809602.parquet (4194 rows)
[2025-10-07 04:00:58] Aggregated 59 → ./data/features/latest_train.parquet (239058 rows)
[2025-10-07 04:05:02] Snapshot saved: ./data/snapshot_1759809901.parquet (4194 items)
[2025-10-07 04:05:53] Features computed: ./data/features/features_1759809901.parquet (4194 rows)
[2025-10-07 04:05:53] Aggregated 1 → ./data/features/latest_train.parquet (4194 rows)
[2025-10-07 04:10:02] Snapshot saved: ./data/snapshot_1759810202.parquet (4194 items)
[2025-10-07 04:11:00] Features computed: ./data/features/features_1759810202.parquet (4194 rows)
[2025-10-07 04:11:01] Aggregated 4 → ./data/features/latest_train.parquet (8388 rows)
[2025-10-07 04:15:03] Snapshot saved: ./data/snapshot_1759810502.parquet (4194 items)
[2025-10-07 04:15:50] Features computed: ./data/features/features_1759810502.parquet (4194 rows)
[2025-10-07 04:15:50] Aggregated 1 → ./data/features/latest_train.parquet (4194 rows)
[2025-10-07 04:20:03] Snapshot saved: ./data/snapshot_1759810802.parquet (4194 items)
[2025-10-07 04:20:57] Features computed: ./data/features/features_1759810802.parquet (4194 rows)
[2025-10-07 04:20:57] Aggregated 4 → ./data/features/latest_train.parquet (8388 rows)
[2025-10-07 04:25:02] Snapshot saved: ./data/snapshot_1759811102.parquet (4194 items)
[2025-10-07 04:25:56] Features computed: ./data/features/features_1759811102.parquet (4194 rows)
[2025-10-07 04:25:56] Aggregated 5 → ./data/features/latest_train.parquet (12582 rows)
[2025-10-07 04:30:02] Snapshot saved: ./data/snapshot_1759811401.parquet (4194 items)
[2025-10-07 04:30:55] Features computed: ./data/features/features_1759811401.parquet (4194 rows)
[2025-10-07 04:30:55] Aggregated 6 → ./data/features/latest_train.parquet (16776 rows)
[2025-10-07 04:35:02] Snapshot saved: ./data/snapshot_1759811701.parquet (4194 items)
[2025-10-07 04:35:54] Features computed: ./data/features/features_1759811701.parquet (4194 rows)
[2025-10-07 04:35:54] Aggregated 7 → ./data/features/latest_train.parquet (20970 rows)
[2025-10-07 04:40:02] Snapshot saved: ./data/snapshot_1759812002.parquet (4194 items)
[2025-10-07 04:40:56] Features computed: ./data/features/features_1759812002.parquet (4194 rows)
[2025-10-07 04:40:56] Aggregated 8 → ./data/features/latest_train.parquet (25164 rows)
[2025-10-07 04:45:03] Snapshot saved: ./data/snapshot_1759812302.parquet (4194 items)
[2025-10-07 04:45:48] Features computed: ./data/features/features_1759812302.parquet (4194 rows)
[2025-10-07 04:45:48] Aggregated 9 → ./data/features/latest_train.parquet (29358 rows)
[2025-10-07 04:50:02] Snapshot saved: ./data/snapshot_1759812601.parquet (4194 items)
[2025-10-07 04:50:49] Features computed: ./data/features/features_1759812601.parquet (4194 rows)
[2025-10-07 04:50:49] Aggregated 10 → ./data/features/latest_train.parquet (33552 rows)
[2025-10-07 04:55:02] Snapshot saved: ./data/snapshot_1759812902.parquet (4194 items)
[2025-10-07 04:55:53] Features computed: ./data/features/features_1759812902.parquet (4194 rows)
[2025-10-07 04:55:54] Aggregated 11 → ./data/features/latest_train.parquet (37746 rows)
[2025-10-07 05:00:02] Snapshot saved: ./data/snapshot_1759813201.parquet (4194 items)
[2025-10-07 05:00:55] Features computed: ./data/features/features_1759813201.parquet (4194 rows)
[2025-10-07 05:00:56] Aggregated 12 → ./data/features/latest_train.parquet (41940 rows)
[2025-10-07 05:05:02] Snapshot saved: ./data/snapshot_1759813501.parquet (4194 items)
[2025-10-07 05:05:48] Features computed: ./data/features/features_1759813501.parquet (4194 rows)
[2025-10-07 05:05:49] Aggregated 13 → ./data/features/latest_train.parquet (46134 rows)
[2025-10-07 05:10:02] Snapshot saved: ./data/snapshot_1759813801.parquet (4194 items)
[2025-10-07 05:10:52] Features computed: ./data/features/features_1759813801.parquet (4194 rows)
[2025-10-07 05:10:53] Aggregated 14 → ./data/features/latest_train.parquet (50328 rows)
[2025-10-07 05:15:02] Snapshot saved: ./data/snapshot_1759814102.parquet (4194 items)
[2025-10-07 05:15:51] Features computed: ./data/features/features_1759814102.parquet (4194 rows)
[2025-10-07 05:15:51] Aggregated 15 → ./data/features/latest_train.parquet (54522 rows)
[2025-10-07 05:20:02] Snapshot saved: ./data/snapshot_1759814402.parquet (4194 items)
[2025-10-07 05:20:51] Features computed: ./data/features/features_1759814402.parquet (4194 rows)
[2025-10-07 05:20:51] Aggregated 16 → ./data/features/latest_train.parquet (58716 rows)
[2025-10-07 05:25:03] Snapshot saved: ./data/snapshot_1759814702.parquet (4194 items)
[2025-10-07 05:25:51] Features computed: ./data/features/features_1759814702.parquet (4194 rows)
[2025-10-07 05:25:51] Aggregated 17 → ./data/features/latest_train.parquet (62910 rows)
[2025-10-07 05:30:03] Snapshot saved: ./data/snapshot_1759815002.parquet (4194 items)
[2025-10-07 05:30:54] Features computed: ./data/features/features_1759815002.parquet (4194 rows)
[2025-10-07 05:30:55] Aggregated 18 → ./data/features/latest_train.parquet (67104 rows)
[2025-10-07 05:35:02] Snapshot saved: ./data/snapshot_1759815301.parquet (4194 items)
[2025-10-07 05:35:49] Features computed: ./data/features/features_1759815301.parquet (4194 rows)
[2025-10-07 05:35:50] Aggregated 19 → ./data/features/latest_train.parquet (71298 rows)
[2025-10-07 05:40:02] Snapshot saved: ./data/snapshot_1759815601.parquet (4194 items)
[2025-10-07 05:40:49] Features computed: ./data/features/features_1759815601.parquet (4194 rows)
[2025-10-07 05:40:50] Aggregated 20 → ./data/features/latest_train.parquet (75492 rows)
[2025-10-07 05:45:02] Snapshot saved: ./data/snapshot_1759815901.parquet (4194 items)
[2025-10-07 05:45:50] Features computed: ./data/features/features_1759815901.parquet (4194 rows)
[2025-10-07 05:45:50] Aggregated 21 → ./data/features/latest_train.parquet (79686 rows)
[2025-10-07 05:50:03] Snapshot saved: ./data/snapshot_1759816202.parquet (4194 items)
[2025-10-07 05:50:51] Features computed: ./data/features/features_1759816202.parquet (4194 rows)
[2025-10-07 05:50:51] Aggregated 22 → ./data/features/latest_train.parquet (83880 rows)
[2025-10-07 05:55:02] Snapshot saved: ./data/snapshot_1759816502.parquet (4194 items)
[2025-10-07 05:55:48] Features computed: ./data/features/features_1759816502.parquet (4194 rows)
[2025-10-07 05:55:48] Aggregated 23 → ./data/features/latest_train.parquet (88074 rows)
[2025-10-07 06:00:03] Snapshot saved: ./data/snapshot_1759816802.parquet (4194 items)
[2025-10-07 06:00:50] Features computed: ./data/features/features_1759816802.parquet (4194 rows)
[2025-10-07 06:00:51] Aggregated 24 → ./data/features/latest_train.parquet (92268 rows)
[2025-10-07 06:05:02] Snapshot saved: ./data/snapshot_1759817101.parquet (4194 items)
[2025-10-07 06:05:48] Features computed: ./data/features/features_1759817101.parquet (4194 rows)
[2025-10-07 06:05:48] Aggregated 25 → ./data/features/latest_train.parquet (96462 rows)
[2025-10-07 06:10:03] Snapshot saved: ./data/snapshot_1759817402.parquet (4194 items)
[2025-10-07 06:10:50] Features computed: ./data/features/features_1759817402.parquet (4194 rows)
[2025-10-07 06:10:50] Aggregated 26 → ./data/features/latest_train.parquet (100656 rows)
[2025-10-07 06:15:03] Snapshot saved: ./data/snapshot_1759817702.parquet (4194 items)
[2025-10-07 06:15:52] Features computed: ./data/features/features_1759817702.parquet (4194 rows)
[2025-10-07 06:15:53] Aggregated 27 → ./data/features/latest_train.parquet (104850 rows)
[2025-10-07 06:20:02] Snapshot saved: ./data/snapshot_1759818001.parquet (4194 items)
[2025-10-07 06:20:51] Features computed: ./data/features/features_1759818001.parquet (4194 rows)
[2025-10-07 06:20:51] Aggregated 28 → ./data/features/latest_train.parquet (109044 rows)
[2025-10-07 06:25:03] Snapshot saved: ./data/snapshot_1759818302.parquet (4194 items)
[2025-10-07 06:25:50] Features computed: ./data/features/features_1759818302.parquet (4194 rows)
[2025-10-07 06:25:51] Aggregated 29 → ./data/features/latest_train.parquet (113238 rows)
[2025-10-07 06:30:02] Snapshot saved: ./data/snapshot_1759818602.parquet (4194 items)
[2025-10-07 06:30:49] Features computed: ./data/features/features_1759818602.parquet (4194 rows)
[2025-10-07 06:30:50] Aggregated 30 → ./data/features/latest_train.parquet (117432 rows)
[2025-10-07 06:35:03] Snapshot saved: ./data/snapshot_1759818902.parquet (4194 items)
[2025-10-07 06:35:48] Features computed: ./data/features/features_1759818902.parquet (4194 rows)
[2025-10-07 06:35:49] Aggregated 31 → ./data/features/latest_train.parquet (121626 rows)
[2025-10-07 06:40:02] Snapshot saved: ./data/snapshot_1759819202.parquet (4194 items)
[2025-10-07 06:40:48] Features computed: ./data/features/features_1759819202.parquet (4194 rows)
[2025-10-07 06:40:48] Aggregated 32 → ./data/features/latest_train.parquet (125820 rows)
[2025-10-07 06:45:03] Snapshot saved: ./data/snapshot_1759819502.parquet (4194 items)
[2025-10-07 06:45:49] Features computed: ./data/features/features_1759819502.parquet (4194 rows)
[2025-10-07 06:45:50] Aggregated 33 → ./data/features/latest_train.parquet (130014 rows)
[2025-10-07 06:50:02] Snapshot saved: ./data/snapshot_1759819801.parquet (4194 items)
[2025-10-07 06:50:48] Features computed: ./data/features/features_1759819801.parquet (4194 rows)
[2025-10-07 06:50:48] Aggregated 34 → ./data/features/latest_train.parquet (134208 rows)
[2025-10-07 06:55:03] Snapshot saved: ./data/snapshot_1759820102.parquet (4194 items)
[2025-10-07 06:55:49] Features computed: ./data/features/features_1759820102.parquet (4194 rows)
[2025-10-07 06:55:49] Aggregated 35 → ./data/features/latest_train.parquet (138402 rows)
[2025-10-07 07:00:04] Snapshot saved: ./data/snapshot_1759820403.parquet (4194 items)
[2025-10-07 07:01:55] Features computed: ./data/features/features_1759820403.parquet (4194 rows)
[2025-10-07 07:01:56] Aggregated 36 → ./data/features/latest_train.parquet (142596 rows)
[2025-10-07 07:05:04] Snapshot saved: ./data/snapshot_1759820703.parquet (4194 items)
[2025-10-07 07:06:54] Features computed: ./data/features/features_1759820703.parquet (4194 rows)
[2025-10-07 07:06:56] Aggregated 37 → ./data/features/latest_train.parquet (146790 rows)
[2025-10-07 07:10:02] Snapshot saved: ./data/snapshot_1759821002.parquet (4194 items)
[2025-10-07 07:10:49] Features computed: ./data/features/features_1759821002.parquet (4194 rows)
[2025-10-07 07:10:50] Aggregated 38 → ./data/features/latest_train.parquet (150984 rows)
[2025-10-07 07:15:03] Snapshot saved: ./data/snapshot_1759821302.parquet (4194 items)
[2025-10-07 07:15:47] Features computed: ./data/features/features_1759821302.parquet (4194 rows)
[2025-10-07 07:15:48] Aggregated 39 → ./data/features/latest_train.parquet (155178 rows)
[2025-10-07 07:20:02] Snapshot saved: ./data/snapshot_1759821602.parquet (4194 items)
[2025-10-07 07:20:48] Features computed: ./data/features/features_1759821602.parquet (4194 rows)
[2025-10-07 07:20:49] Aggregated 40 → ./data/features/latest_train.parquet (159372 rows)
[2025-10-07 07:25:02] Snapshot saved: ./data/snapshot_1759821901.parquet (4194 items)
[2025-10-07 07:25:46] Features computed: ./data/features/features_1759821901.parquet (4194 rows)
[2025-10-07 07:25:47] Aggregated 41 → ./data/features/latest_train.parquet (163566 rows)
[2025-10-07 07:30:02] Snapshot saved: ./data/snapshot_1759822202.parquet (4194 items)
[2025-10-07 07:30:50] Features computed: ./data/features/features_1759822202.parquet (4194 rows)
[2025-10-07 07:30:51] Aggregated 42 → ./data/features/latest_train.parquet (167760 rows)
[2025-10-07 07:35:02] Snapshot saved: ./data/snapshot_1759822501.parquet (4194 items)
[2025-10-07 07:35:48] Features computed: ./data/features/features_1759822501.parquet (4194 rows)
[2025-10-07 07:35:48] Aggregated 43 → ./data/features/latest_train.parquet (171954 rows)
[2025-10-07 07:40:03] Snapshot saved: ./data/snapshot_1759822802.parquet (4194 items)
[2025-10-07 07:40:49] Features computed: ./data/features/features_1759822802.parquet (4194 rows)
[2025-10-07 07:40:50] Aggregated 44 → ./data/features/latest_train.parquet (176148 rows)
[2025-10-07 07:45:02] Snapshot saved: ./data/snapshot_1759823101.parquet (4194 items)
[2025-10-07 07:45:48] Features computed: ./data/features/features_1759823101.parquet (4194 rows)
[2025-10-07 07:45:49] Aggregated 45 → ./data/features/latest_train.parquet (180342 rows)
[2025-10-07 07:50:02] Snapshot saved: ./data/snapshot_1759823402.parquet (4194 items)
[2025-10-07 07:50:49] Features computed: ./data/features/features_1759823402.parquet (4194 rows)
[2025-10-07 07:50:50] Aggregated 46 → ./data/features/latest_train.parquet (184536 rows)
[2025-10-07 07:55:02] Snapshot saved: ./data/snapshot_1759823702.parquet (4194 items)
[2025-10-07 07:55:51] Features computed: ./data/features/features_1759823702.parquet (4194 rows)
[2025-10-07 07:55:51] Aggregated 47 → ./data/features/latest_train.parquet (188730 rows)
[2025-10-07 08:00:03] Snapshot saved: ./data/snapshot_1759824002.parquet (4194 items)
[2025-10-07 08:00:51] Features computed: ./data/features/features_1759824002.parquet (4194 rows)
[2025-10-07 08:00:51] Aggregated 48 → ./data/features/latest_train.parquet (192924 rows)
[2025-10-07 08:05:03] Snapshot saved: ./data/snapshot_1759824302.parquet (4194 items)
[2025-10-07 08:05:49] Features computed: ./data/features/features_1759824302.parquet (4194 rows)
[2025-10-07 08:05:50] Aggregated 49 → ./data/features/latest_train.parquet (197118 rows)
[2025-10-07 08:10:03] Snapshot saved: ./data/snapshot_1759824602.parquet (4194 items)
[2025-10-07 08:10:49] Features computed: ./data/features/features_1759824602.parquet (4194 rows)
[2025-10-07 08:10:49] Aggregated 50 → ./data/features/latest_train.parquet (201312 rows)
[2025-10-07 08:15:03] Snapshot saved: ./data/snapshot_1759824902.parquet (4194 items)
[2025-10-07 08:15:50] Features computed: ./data/features/features_1759824902.parquet (4194 rows)
[2025-10-07 08:15:50] Aggregated 51 → ./data/features/latest_train.parquet (205506 rows)
[2025-10-07 08:20:02] Snapshot saved: ./data/snapshot_1759825201.parquet (4194 items)
[2025-10-07 08:20:49] Features computed: ./data/features/features_1759825201.parquet (4194 rows)
[2025-10-07 08:20:50] Aggregated 52 → ./data/features/latest_train.parquet (209700 rows)
[2025-10-07 08:25:02] Snapshot saved: ./data/snapshot_1759825502.parquet (4194 items)
[2025-10-07 08:25:52] Features computed: ./data/features/features_1759825502.parquet (4194 rows)
[2025-10-07 08:25:53] Aggregated 53 → ./data/features/latest_train.parquet (213894 rows)
[2025-10-07 08:30:02] Snapshot saved: ./data/snapshot_1759825802.parquet (4194 items)
[2025-10-07 08:30:50] Features computed: ./data/features/features_1759825802.parquet (4194 rows)
[2025-10-07 08:30:51] Aggregated 54 → ./data/features/latest_train.parquet (218088 rows)
[2025-10-07 08:35:02] Snapshot saved: ./data/snapshot_1759826102.parquet (4194 items)
[2025-10-07 08:35:49] Features computed: ./data/features/features_1759826102.parquet (4194 rows)
[2025-10-07 08:35:50] Aggregated 55 → ./data/features/latest_train.parquet (222282 rows)
[2025-10-07 08:40:02] Snapshot saved: ./data/snapshot_1759826402.parquet (4194 items)
[2025-10-07 08:40:50] Features computed: ./data/features/features_1759826402.parquet (4194 rows)
[2025-10-07 08:40:50] Aggregated 56 → ./data/features/latest_train.parquet (226476 rows)
[2025-10-07 08:45:02] Snapshot saved: ./data/snapshot_1759826702.parquet (4194 items)
[2025-10-07 08:45:51] Features computed: ./data/features/features_1759826702.parquet (4194 rows)
[2025-10-07 08:45:51] Aggregated 57 → ./data/features/latest_train.parquet (230670 rows)
[2025-10-07 08:50:02] Snapshot saved: ./data/snapshot_1759827001.parquet (4194 items)
[2025-10-07 08:50:56] Features computed: ./data/features/features_1759827001.parquet (4194 rows)
[2025-10-07 08:50:57] Aggregated 58 → ./data/features/latest_train.parquet (234864 rows)
[2025-10-07 08:55:02] Snapshot saved: ./data/snapshot_1759827302.parquet (4194 items)
[2025-10-07 08:55:54] Features computed: ./data/features/features_1759827302.parquet (4194 rows)
[2025-10-07 08:55:55] Aggregated 59 → ./data/features/latest_train.parquet (239058 rows)
[2025-10-07 09:00:02] Snapshot saved: ./data/snapshot_1759827602.parquet (4194 items)
[2025-10-07 09:01:00] Features computed: ./data/features/features_1759827602.parquet (4194 rows)
[2025-10-07 09:01:01] Aggregated 60 → ./data/features/latest_train.parquet (243252 rows)
[2025-10-07 09:05:03] Snapshot saved: ./data/snapshot_1759827902.parquet (4194 items)
[2025-10-07 09:05:55] Features computed: ./data/features/features_1759827902.parquet (4194 rows)
[2025-10-07 09:05:56] Aggregated 61 → ./data/features/latest_train.parquet (247446 rows)
[2025-10-07 09:10:02] Snapshot saved: ./data/snapshot_1759828201.parquet (4194 items)
[2025-10-07 09:10:53] Features computed: ./data/features/features_1759828201.parquet (4194 rows)
[2025-10-07 09:10:55] Aggregated 62 → ./data/features/latest_train.parquet (251640 rows)
[2025-10-07 09:15:02] Snapshot saved: ./data/snapshot_1759828502.parquet (4194 items)
[2025-10-07 09:15:52] Features computed: ./data/features/features_1759828502.parquet (4194 rows)
[2025-10-07 09:15:53] Aggregated 63 → ./data/features/latest_train.parquet (255834 rows)
[2025-10-07 09:20:02] Snapshot saved: ./data/snapshot_1759828802.parquet (4194 items)
[2025-10-07 09:20:49] Features computed: ./data/features/features_1759828802.parquet (4194 rows)
[2025-10-07 09:20:49] Aggregated 64 → ./data/features/latest_train.parquet (260028 rows)
[2025-10-07 09:25:02] Snapshot saved: ./data/snapshot_1759829101.parquet (4194 items)
[2025-10-07 09:25:46] Features computed: ./data/features/features_1759829101.parquet (4194 rows)
[2025-10-07 09:25:47] Aggregated 65 → ./data/features/latest_train.parquet (264222 rows)
[2025-10-07 09:30:02] Snapshot saved: ./data/snapshot_1759829401.parquet (4194 items)
[2025-10-07 09:30:48] Features computed: ./data/features/features_1759829401.parquet (4194 rows)
[2025-10-07 09:30:49] Aggregated 66 → ./data/features/latest_train.parquet (268416 rows)
[2025-10-07 09:35:02] Snapshot saved: ./data/snapshot_1759829702.parquet (4194 items)
[2025-10-07 09:35:48] Features computed: ./data/features/features_1759829702.parquet (4194 rows)
[2025-10-07 09:35:49] Aggregated 67 → ./data/features/latest_train.parquet (272610 rows)
[2025-10-07 09:40:02] Snapshot saved: ./data/snapshot_1759830001.parquet (4194 items)
[2025-10-07 09:40:49] Features computed: ./data/features/features_1759830001.parquet (4194 rows)
[2025-10-07 09:40:50] Aggregated 68 → ./data/features/latest_train.parquet (276804 rows)
[2025-10-07 09:45:02] Snapshot saved: ./data/snapshot_1759830302.parquet (4194 items)
[2025-10-07 09:45:50] Features computed: ./data/features/features_1759830302.parquet (4194 rows)
[2025-10-07 09:45:51] Aggregated 69 → ./data/features/latest_train.parquet (280998 rows)
[2025-10-07 09:50:02] Snapshot saved: ./data/snapshot_1759830601.parquet (4194 items)
[2025-10-07 09:50:48] Features computed: ./data/features/features_1759830601.parquet (4194 rows)
[2025-10-07 09:50:49] Aggregated 70 → ./data/features/latest_train.parquet (285192 rows)
[2025-10-07 09:55:02] Snapshot saved: ./data/snapshot_1759830901.parquet (4194 items)
[2025-10-07 09:55:48] Features computed: ./data/features/features_1759830901.parquet (4194 rows)
[2025-10-07 09:55:49] Aggregated 71 → ./data/features/latest_train.parquet (289386 rows)
[2025-10-07 10:00:03] Snapshot saved: ./data/snapshot_1759831202.parquet (4194 items)
[2025-10-07 10:00:50] Features computed: ./data/features/features_1759831202.parquet (4194 rows)
[2025-10-07 10:00:52] Aggregated 72 → ./data/features/latest_train.parquet (293580 rows)
[2025-10-07 10:05:02] Snapshot saved: ./data/snapshot_1759831501.parquet (4194 items)
[2025-10-07 10:05:45] Features computed: ./data/features/features_1759831501.parquet (4194 rows)
[2025-10-07 10:05:46] Aggregated 73 → ./data/features/latest_train.parquet (297774 rows)
[2025-10-07 10:10:02] Snapshot saved: ./data/snapshot_1759831802.parquet (4194 items)
[2025-10-07 10:10:46] Features computed: ./data/features/features_1759831802.parquet (4194 rows)
[2025-10-07 10:10:48] Aggregated 74 → ./data/features/latest_train.parquet (301968 rows)
[2025-10-08 05:10:42] Snapshot saved: data/snapshot_1759900241.parquet (4194 items)
[2025-10-08 05:13:53] Snapshot saved: data/snapshot_1759900433.parquet (4194 items)
[2025-10-08 05:14:06] ❌ Error computing features: 'item_id' is both an index level and a column label, which is ambiguous.
[2025-10-08 05:21:58] Snapshot saved: data/snapshot_1759900917.parquet (4194 items)
[2025-10-08 05:21:58] ❌ Error computing features: 'timestamp'
[2025-10-08 05:24:37] Snapshot saved: data/snapshot_1759901077.parquet (4194 items)
[2025-10-08 05:24:40] ❌ Error computing features: 'Column not found: volume'
[2025-10-08 05:27:33] Snapshot saved: data/snapshot_1759901252.parquet (4194 items)
[2025-10-08 05:27:35] ❌ Error computing features: 'avg_high_price'
[2025-10-08 05:29:00] Snapshot saved: data/snapshot_1759901340.parquet (4194 items)
[2025-10-08 05:29:37] Features computed: data/features/features_1759901340.parquet (4194 rows)
[2025-10-08 08:19:59] Snapshot saved: data/snapshot_1759911599.parquet (4194 items)
[2025-10-08 08:20:29] Features computed: data/features/features_1759911599.parquet (4194 rows)
[2025-10-08 08:20:30] Aggregated 76 → data/features/latest_train.parquet (306162 rows)
[2025-10-08 08:24:40] Snapshot saved: data/snapshot_1759911880.parquet (4194 items)
[2025-10-08 08:25:09] Features computed: data/features/features_1759911880.parquet (4194 rows)
[2025-10-08 08:25:10] Aggregated 77 → data/features/latest_train.parquet (306162 rows)
